[2020-06-09 02:14:59,730][__main__][INFO] - 
F:
- - 1.99624445e-07
  - 3.39285535e-06
  - 0.00267381043
- - -2.47905759e-06
  - -5.57244479e-08
  - 0.0119203496
- - -0.00295038232
  - -0.0120888237
  - 0.999847944
a: 1
images:
- center:
  - 0
  - 0
  path: ./images/atomic_rapid_analyze.jpg
  points:
  - - 930
    - 1269
  - - 1563
    - 1287
  - - 2013
    - 1290
  - - 2511
    - 1284
  - - 3141
    - 1314
  - - 900
    - 1923
  - - 2022
    - 1920
  - - 3129
    - 1932
  - - 840
    - 2733
  - - 1464
    - 2784
  - - 2019
    - 2808
  - - 2580
    - 2796
  - - 3153
    - 2805
  - - 1356
    - 1635
  - - 1782
    - 1629
  - - 1338
    - 2265
  - - 1779
    - 2256
  - - 2313
    - 1653
  - - 2745
    - 1647
  - - 2331
    - 2280
  - - 2790
    - 2274
  - - 1569
    - 1719
  - - 1749
    - 1935
  - - 1581
    - 2214
  - - 1410
    - 1959
  - - 1566
    - 1953
  - - 2532
    - 1716
  - - 2727
    - 1935
  - - 2544
    - 2229
  - - 2349
    - 1932
  - - 2535
    - 1938
  size:
  - 3968
  - 2976
- center:
  - 0
  - 0
  path: ./images/hotel_chromosome_probe.jpg
  points:
  - - 816
    - 1164
  - - 1530
    - 1191
  - - 1986
    - 1215
  - - 2460
    - 1218
  - - 3024
    - 1251
  - - 807
    - 1875
  - - 2016
    - 1851
  - - 3033
    - 1839
  - - 774
    - 2766
  - - 1473
    - 2760
  - - 2040
    - 2733
  - - 2562
    - 2682
  - - 3069
    - 2646
  - - 1314
    - 1560
  - - 1767
    - 1551
  - - 1314
    - 2226
  - - 1779
    - 2193
  - - 2289
    - 1575
  - - 2688
    - 1560
  - - 2319
    - 2184
  - - 2742
    - 2169
  - - 1545
    - 1644
  - - 1743
    - 1869
  - - 1575
    - 2163
  - - 1386
    - 1902
  - - 1542
    - 1887
  - - 2493
    - 1635
  - - 2679
    - 1845
  - - 2517
    - 2136
  - - 2325
    - 1854
  - - 2505
    - 1857
  size:
  - 3968
  - 2976

[2020-06-09 02:14:59,732][__main__][INFO] - e=array([ 9.70616168e-01, -2.40632874e-01,  2.73225896e-04])
[2020-06-09 02:14:59,733][__main__][INFO] - e @ F=array([-1.58193864e-08,  3.58970169e-09, -3.27850897e-12])
[2020-06-09 02:14:59,734][__main__][INFO] - center1=[0, 0], center2=[0, 0]
[2020-06-09 02:15:06,016][__main__][INFO] - f_list=[(-2544.35835070462, -2253.40659564029), (-2544.35835070462, 2253.40659564029), (2544.35835070462, -2253.40659564029), (2544.35835070462, 2253.40659564029)]
[2020-06-09 02:15:19,640][__main__][INFO] - c1=[(457.016679833042, -100.799439343990), (6647.84549543987, -1660.62125757549), (3552.43108763648 - 468.681613622726*I, -880.710348459761 - 1860.16608118123*I), (3552.43108763648 + 468.681613622726*I, -880.710348459761 + 1860.16608118123*I)]
[2020-06-09 02:15:38,839][__main__][INFO] - c2=[(-565.154357693566, 133.830219240784), (10230.2049703831, -2278.63171349106), (4832.52530634476 - 480.164305837764*I, -1072.40074712513 - 2148.65409800084*I), (4832.52530634476 + 480.164305837764*I, -1072.40074712513 + 2148.65409800084*I)]
