[2020-06-09 02:13:47,205][__main__][INFO] - 
F:
- - 4.87699881e-07
  - -4.10448922e-06
  - 0.00591280691
- - 3.27213411e-06
  - -3.5232731e-07
  - -0.0128438236
- - -0.00559134313
  - 0.0131201579
  - -0.999798316
a: 1
images:
- center:
  - 0
  - 0
  path: ./images/atomic_rapid_analyze.jpg
  points:
  - - 615
    - 438
  - - 3222
    - 372
  - - 3150
    - 2814
  - - 843
    - 2733
  - - 1347
    - 462
  - - 2484
    - 405
  - - 2532
    - 1938
  - - 1557
    - 1941
  - - 1905
    - 393
  - - 2025
    - 1926
  size:
  - 3968
  - 2976
- center:
  - 0
  - 0
  path: ./images/hotel_chromosome_probe.jpg
  points:
  - - 633
    - 201
  - - 3270
    - 357
  - - 3066
    - 2643
  - - 780
    - 2751
  - - 1473
    - 297
  - - 2616
    - 333
  - - 2499
    - 1854
  - - 1545
    - 1887
  - - 2052
    - 276
  - - 2016
    - 1848
  size:
  - 3968
  - 2976

[2020-06-09 02:13:47,207][__main__][INFO] - e=array([-9.17034911e-01, -3.98806823e-01, -3.00106382e-04])
[2020-06-09 02:13:47,208][__main__][INFO] - e @ F=array([-7.41894671e-08, -3.29726803e-08, -1.77916757e-11])
[2020-06-09 02:13:47,209][__main__][INFO] - center1=[0, 0], center2=[0, 0]
[2020-06-09 02:13:47,640][__main__][INFO] - f_list=[(-3294.2186336354*I, -4464.77030753838*I), (-3294.2186336354*I, 4464.77030753838*I), (3294.2186336354*I, -4464.77030753838*I), (3294.2186336354*I, 4464.77030753838*I)]
[2020-06-09 02:14:03,126][__main__][INFO] - c1=[(473.798487090806, 92.1517856606159), (5637.60043813294, 2565.61790250767), (3055.69946261189 - 794.531404131137*I, 1328.88484408415 + 1658.72610377475*I), (3055.69946261189 + 794.531404131137*I, 1328.88484408415 - 1658.72610377475*I)]
[2020-06-09 02:14:22,230][__main__][INFO] - c2=[(-563.762743663923, -156.437560105078), (8830.17712577727, 4019.80332390977), (4133.20719105663 - 883.408959294087*I, 1931.68288190232 + 1987.11972661796*I), (4133.20719105663 + 883.408959294087*I, 1931.68288190232 - 1987.11972661796*I)]
