[2020-06-08 11:37:02,660][__main__][INFO] - 
F:
- - 4.40584928e-09
  - -3.81778146e-07
  - 0.000994328281
- - 5.22527131e-07
  - 1.10098477e-07
  - 0.000836621926
- - -0.00119029068
  - -0.00157249241
  - 0.999997211
a: 1
images:
- center:
  - 0
  - 0
  path: ./images/atomic_rapid_analyze.jpg
  points:
  - - 1566
    - 1719
  - - 1410
    - 1965
  - - 1581
    - 2217
  - - 1749
    - 1935
  - - 2535
    - 1716
  - - 2346
    - 1938
  - - 2541
    - 2229
  - - 2724
    - 1935
  - - 1353
    - 1632
  - - 1773
    - 1629
  - - 1776
    - 2256
  - - 1341
    - 2259
  - - 2313
    - 1653
  - - 2745
    - 1650
  - - 2787
    - 2274
  - - 2331
    - 2280
  - - 3150
    - 2814
  - - 843
    - 2733
  - - 2532
    - 1938
  - - 1557
    - 1941
  - - 2025
    - 1926
  size:
  - 3968
  - 2976
- center:
  - 0
  - 0
  path: ./images/hotel_chromosome_probe.jpg
  points:
  - - 1545
    - 1650
  - - 1383
    - 1905
  - - 1572
    - 2163
  - - 1743
    - 1869
  - - 2499
    - 1635
  - - 2322
    - 1851
  - - 2514
    - 2133
  - - 2679
    - 1848
  - - 1308
    - 1557
  - - 1764
    - 1551
  - - 1779
    - 2193
  - - 1308
    - 2214
  - - 2289
    - 1572
  - - 2688
    - 1566
  - - 2739
    - 2172
  - - 2322
    - 2184
  - - 3066
    - 2643
  - - 780
    - 2751
  - - 2499
    - 1854
  - - 1545
    - 1887
  - - 2016
    - 1848
  size:
  - 3968
  - 2976

[2020-06-08 11:37:02,662][__main__][INFO] - e=array([ 7.79169170e-01, -6.26813642e-01, -2.50344592e-04])
[2020-06-08 11:37:02,663][__main__][INFO] - e @ F=array([-2.61113971e-08,  2.71839825e-08,  1.16664699e-11])
[2020-06-08 11:37:02,663][__main__][INFO] - center1=[0, 0], center2=[0, 0]
[2020-06-08 11:37:05,051][__main__][INFO] - f_list=[(-3521.60288111030, -2041.62443139669), (-3521.60288111030, 2041.62443139669), (3521.60288111030, -2041.62443139669), (3521.60288111030, 2041.62443139669)]
[2020-06-08 11:37:20,969][__main__][INFO] - c1=[(-5338.21002484693, 3414.14899501341), (-886.563305434044, 1593.45781005803), (-3112.38666514045 - 710.306820830402*I, 2503.80340253572 - 1736.72232548529*I), (-3112.38666514045 + 710.306820830402*I, 2503.80340253572 + 1736.72232548529*I)]
