[2020-06-08 11:36:34,600][__main__][INFO] - 
F:
- - 2.35077122e-05
  - -0.00184004271
  - 0.72904836
- - 0.00179995646
  - 5.88072156e-05
  - -0.278022961
- - -0.584049961
  - 0.215028223
  - -0.0619160662
a: 1
images:
- center:
  - 0
  - 0
  path: ./images/atomic_rapid_analyze.jpg
  points:
  - - 615
    - 438
  - - 3222
    - 372
  - - 3150
    - 2814
  - - 843
    - 2733
  - - 1347
    - 462
  - - 2484
    - 405
  - - 2532
    - 1938
  - - 1557
    - 1941
  - - 1905
    - 393
  - - 2025
    - 1926
  size:
  - 3968
  - 2976
- center:
  - 0
  - 0
  path: ./images/hotel_chromosome_probe.jpg
  points:
  - - 633
    - 201
  - - 3270
    - 357
  - - 3066
    - 2643
  - - 780
    - 2751
  - - 1473
    - 297
  - - 2616
    - 333
  - - 2499
    - 1854
  - - 1545
    - 1887
  - - 2052
    - 276
  - - 2016
    - 1848
  size:
  - 3968
  - 2976

[2020-06-08 11:36:34,603][__main__][INFO] - e=array([-0.3565324 , -0.93427851, -0.00288194])
[2020-06-08 11:36:34,605][__main__][INFO] - e @ F=array([-6.84509476e-06, -1.86058563e-05, -4.69307518e-08])
[2020-06-08 11:36:34,605][__main__][INFO] - center1=[0, 0], center2=[0, 0]
[2020-06-08 11:36:35,262][__main__][INFO] - f_list=[(-239.089883018882, -304.120107239526), (-239.089883018882, 304.120107239526), (239.089883018882, -304.120107239526), (239.089883018882, 304.120107239526)]
[2020-06-08 11:36:48,680][__main__][INFO] - c1=[(-186.113276841876, -474.047323067198), (433.538574735446, 1122.41514960280), (123.712648946763 - 767.578719389281*I, 324.183913267784 + 297.928440438346*I), (123.712648946763 + 767.578719389281*I, 324.183913267784 - 297.928440438346*I)]
